<html>
<head>
<title>TestNG:  Test</title>
<link href="../testng.css" rel="stylesheet" type="text/css" />
<link href="../my-testng.css" rel="stylesheet" type="text/css" />

<style type="text/css">
.log { display: none;} 
.stack-trace { display: none;} 
</style>
<script type="text/javascript">
<!--
function flip(e) {
  current = e.style.display;
  if (current == 'block') {
    e.style.display = 'none';
    return 0;
  }
  else {
    e.style.display = 'block';
    return 1;
  }
}

function toggleBox(szDivId, elem, msg1, msg2)
{
  var res = -1;  if (document.getElementById) {
    res = flip(document.getElementById(szDivId));
  }
  else if (document.all) {
    // this is the way old msie versions work
    res = flip(document.all[szDivId]);
  }
  if(elem) {
    if(res == 0) elem.innerHTML = msg1; else elem.innerHTML = msg2;
  }

}

function toggleAllBoxes() {
  if (document.getElementsByTagName) {
    d = document.getElementsByTagName('div');
    for (i = 0; i < d.length; i++) {
      if (d[i].className == 'log') {
        flip(d[i]);
      }
    }
  }
}

// -->
</script>

</head>
<body>
<h2 align='center'>Test</h2><table border='1' align="center">
<tr>
<td>Tests passed/Failed/Skipped:</td><td>16/1/0</td>
</tr><tr>
<td>Started on:</td><td>Sun Feb 05 17:13:54 IST 2023</td>
</tr>
<tr><td>Total time:</td><td>662 seconds (662435 ms)</td>
</tr><tr>
<td>Included groups:</td><td></td>
</tr><tr>
<td>Excluded groups:</td><td></td>
</tr>
</table><p/>
<small><i>(Hover the method name to see the test class name)</i></small><p/>
<table width='100%' border='1' class='invocation-failed'>
<tr><td colspan='4' align='center'><b>FAILED TESTS</b></td></tr>
<tr><td><b>Test method</b></td>
<td><b>Attribute(s)</b></td>
<td width="30%"><b>Exception</b></td>
<td width="10%"><b>Time (seconds)</b></td>
<td><b>Instance</b></td>
</tr>
<tr>
<td title='selenium.methods.ScrolltillElement.scrolltoElement()'><b>scrolltoElement</b><br>Test class: selenium.methods.ScrolltillElement</td>
<td><div><pre>org.openqa.selenium.ScriptTimeoutException: Timed out after 30000 ms
Build info: version: &apos;4.8.0&apos;, revision: &apos;267030adea&apos;
System info: os.name: &apos;Windows 10&apos;, os.arch: &apos;amd64&apos;, os.version: &apos;10.0&apos;, java.version: &apos;17.0.6&apos;
Driver info: org.openqa.selenium.firefox.FirefoxDriver
Command: [ddfeb35c-f62f-452f-a299-b70171a55416, executeAsyncScript {script=arguments[0].scrollIntoView(true);, args=[{ELEMENT=f2c4dc3a-a12d-4830-80ce-7489bdde3f09, element-6066-11e4-a52e-4f735466cecf=f2c4dc3a-a12d-4830-80ce-7489bdde3f09}]}]
Capabilities {acceptInsecureCerts: true, browserName: firefox, browserVersion: 109.0.1, moz:accessibilityChecks: false, moz:buildID: 20230127170202, moz:debuggerAddress: 127.0.0.1:35147, moz:geckodriverVersion: 0.32.1, moz:headless: false, moz:platformVersion: 10.0, moz:processID: 1544, moz:profile: C:\Users\Dell\AppData\Local..., moz:shutdownTimeout: 60000, moz:useNonSpecCompliantPointerOrigin: false, moz:webdriverClick: true, moz:windowless: false, pageLoadStrategy: normal, platformName: WINDOWS, proxy: Proxy(), se:cdp: ws://127.0.0.1:35147/devtoo..., se:cdpVersion: 85.0, setWindowRect: true, strictFileInteractability: false, timeouts: {implicit: 0, pageLoad: 300000, script: 30000}, unhandledPromptBehavior: dismiss and notify}
Session ID: ddfeb35c-f62f-452f-a299-b70171a55416
	at org.openqa.selenium.remote.codec.w3c.W3CHttpResponseCodec.createException(W3CHttpResponseCodec.java:200)
	at org.openqa.selenium.remote.codec.w3c.W3CHttpResponseCodec.decode(W3CHttpResponseCodec.java:133)
	at org.openqa.selenium.remote.codec.w3c.W3CHttpResponseCodec.decode(W3CHttpResponseCodec.java:53)
	at org.openqa.selenium.remote.HttpCommandExecutor.execute(HttpCommandExecutor.java:184)
	at org.openqa.selenium.remote.service.DriverCommandExecutor.invokeExecute(DriverCommandExecutor.java:167)
	at org.openqa.selenium.remote.service.DriverCommandExecutor.execute(DriverCommandExecutor.java:142)
	at org.openqa.selenium.remote.RemoteWebDriver.execute(RemoteWebDriver.java:543)
	at org.openqa.selenium.remote.RemoteWebDriver.executeAsyncScript(RemoteWebDriver.java:493)
	at selenium.methods.ScrolltillElement.scrolltoElement(ScrolltillElement.java:26)
	at java.base/java.util.ArrayList.forEach(ArrayList.java:1511)
... Removed 32 stack frames</pre></div><a href='#' onClick='toggleBox("stack-trace1600330912", this, "Click to show all stack frames", "Click to hide stack frames")'>Click to show all stack frames</a>
<div class='stack-trace' id='stack-trace1600330912'><pre>org.openqa.selenium.ScriptTimeoutException: Timed out after 30000 ms
Build info: version: &apos;4.8.0&apos;, revision: &apos;267030adea&apos;
System info: os.name: &apos;Windows 10&apos;, os.arch: &apos;amd64&apos;, os.version: &apos;10.0&apos;, java.version: &apos;17.0.6&apos;
Driver info: org.openqa.selenium.firefox.FirefoxDriver
Command: [ddfeb35c-f62f-452f-a299-b70171a55416, executeAsyncScript {script=arguments[0].scrollIntoView(true);, args=[{ELEMENT=f2c4dc3a-a12d-4830-80ce-7489bdde3f09, element-6066-11e4-a52e-4f735466cecf=f2c4dc3a-a12d-4830-80ce-7489bdde3f09}]}]
Capabilities {acceptInsecureCerts: true, browserName: firefox, browserVersion: 109.0.1, moz:accessibilityChecks: false, moz:buildID: 20230127170202, moz:debuggerAddress: 127.0.0.1:35147, moz:geckodriverVersion: 0.32.1, moz:headless: false, moz:platformVersion: 10.0, moz:processID: 1544, moz:profile: C:\Users\Dell\AppData\Local..., moz:shutdownTimeout: 60000, moz:useNonSpecCompliantPointerOrigin: false, moz:webdriverClick: true, moz:windowless: false, pageLoadStrategy: normal, platformName: WINDOWS, proxy: Proxy(), se:cdp: ws://127.0.0.1:35147/devtoo..., se:cdpVersion: 85.0, setWindowRect: true, strictFileInteractability: false, timeouts: {implicit: 0, pageLoad: 300000, script: 30000}, unhandledPromptBehavior: dismiss and notify}
Session ID: ddfeb35c-f62f-452f-a299-b70171a55416
	at java.base/jdk.internal.reflect.NativeConstructorAccessorImpl.newInstance0(Native Method)
	at java.base/jdk.internal.reflect.NativeConstructorAccessorImpl.newInstance(NativeConstructorAccessorImpl.java:77)
	at java.base/jdk.internal.reflect.DelegatingConstructorAccessorImpl.newInstance(DelegatingConstructorAccessorImpl.java:45)
	at java.base/java.lang.reflect.Constructor.newInstanceWithCaller(Constructor.java:499)
	at java.base/java.lang.reflect.Constructor.newInstance(Constructor.java:480)
	at org.openqa.selenium.remote.codec.w3c.W3CHttpResponseCodec.createException(W3CHttpResponseCodec.java:200)
	at org.openqa.selenium.remote.codec.w3c.W3CHttpResponseCodec.decode(W3CHttpResponseCodec.java:133)
	at org.openqa.selenium.remote.codec.w3c.W3CHttpResponseCodec.decode(W3CHttpResponseCodec.java:53)
	at org.openqa.selenium.remote.HttpCommandExecutor.execute(HttpCommandExecutor.java:184)
	at org.openqa.selenium.remote.service.DriverCommandExecutor.invokeExecute(DriverCommandExecutor.java:167)
	at org.openqa.selenium.remote.service.DriverCommandExecutor.execute(DriverCommandExecutor.java:142)
	at org.openqa.selenium.remote.RemoteWebDriver.execute(RemoteWebDriver.java:543)
	at org.openqa.selenium.remote.RemoteWebDriver.executeAsyncScript(RemoteWebDriver.java:493)
	at selenium.methods.ScrolltillElement.scrolltoElement(ScrolltillElement.java:26)
	at java.base/jdk.internal.reflect.NativeMethodAccessorImpl.invoke0(Native Method)
	at java.base/jdk.internal.reflect.NativeMethodAccessorImpl.invoke(NativeMethodAccessorImpl.java:77)
	at java.base/jdk.internal.reflect.DelegatingMethodAccessorImpl.invoke(DelegatingMethodAccessorImpl.java:43)
	at java.base/java.lang.reflect.Method.invoke(Method.java:568)
	at org.testng.internal.invokers.MethodInvocationHelper.invokeMethod(MethodInvocationHelper.java:139)
	at org.testng.internal.invokers.TestInvoker.invokeMethod(TestInvoker.java:677)
	at org.testng.internal.invokers.TestInvoker.invokeTestMethod(TestInvoker.java:221)
	at org.testng.internal.invokers.MethodRunner.runInSequence(MethodRunner.java:50)
	at org.testng.internal.invokers.TestInvoker$MethodInvocationAgent.invoke(TestInvoker.java:969)
	at org.testng.internal.invokers.TestInvoker.invokeTestMethods(TestInvoker.java:194)
	at org.testng.internal.invokers.TestMethodWorker.invokeTestMethods(TestMethodWorker.java:148)
	at org.testng.internal.invokers.TestMethodWorker.run(TestMethodWorker.java:128)
	at java.base/java.util.ArrayList.forEach(ArrayList.java:1511)
	at org.testng.TestRunner.privateRun(TestRunner.java:829)
	at org.testng.TestRunner.run(TestRunner.java:602)
	at org.testng.SuiteRunner.runTest(SuiteRunner.java:437)
	at org.testng.SuiteRunner.runSequentially(SuiteRunner.java:431)
	at org.testng.SuiteRunner.privateRun(SuiteRunner.java:391)
	at org.testng.SuiteRunner.run(SuiteRunner.java:330)
	at org.testng.SuiteRunnerWorker.runSuite(SuiteRunnerWorker.java:52)
	at org.testng.SuiteRunnerWorker.run(SuiteRunnerWorker.java:95)
	at org.testng.TestNG.runSuitesSequentially(TestNG.java:1256)
	at org.testng.TestNG.runSuitesLocally(TestNG.java:1176)
	at org.testng.TestNG.runSuites(TestNG.java:1099)
	at org.testng.TestNG.run(TestNG.java:1067)
	at org.testng.remote.AbstractRemoteTestNG.run(AbstractRemoteTestNG.java:115)
	at org.testng.remote.RemoteTestNG.initAndRun(RemoteTestNG.java:251)
	at org.testng.remote.RemoteTestNG.main(RemoteTestNG.java:77)
</pre></div></td>
<td>82</td>
<td>selenium.methods.ScrolltillElement@73a1e9a9</td></tr>
</table><p>
<table width='100%' border='1' class='invocation-passed'>
<tr><td colspan='4' align='center'><b>PASSED TESTS</b></td></tr>
<tr><td><b>Test method</b></td>
<td><b>Attribute(s)</b></td>
<td width="30%"><b>Exception</b></td>
<td width="10%"><b>Time (seconds)</b></td>
<td><b>Instance</b></td>
</tr>
<tr>
<td title='selenium.methods.HeadlessMode.headlessBrowser()'><b>headlessBrowser</b><br>Test class: selenium.methods.HeadlessMode</td>
<td></td>
<td>16</td>
<td>selenium.methods.HeadlessMode@55182842</td></tr>
<tr>
<td title='selenium.methods.setSize.setsize()'><b>setsize</b><br>Test class: selenium.methods.setSize</td>
<td></td>
<td>15</td>
<td>selenium.methods.setSize@77888435</td></tr>
<tr>
<td title='selenium.methods.DisablePushNotificatin.disablePushNotification()'><b>disablePushNotification</b><br>Test class: selenium.methods.DisablePushNotificatin</td>
<td></td>
<td>70</td>
<td>selenium.methods.DisablePushNotificatin@59474f18</td></tr>
<tr>
<td title='selenium.methods.screenshotusingRobotClass.screenShotusingrobot()'><b>screenShotusingrobot</b><br>Test class: selenium.methods.screenshotusingRobotClass</td>
<td></td>
<td>45</td>
<td>selenium.methods.screenshotusingRobotClass@65fb9ffc</td></tr>
<tr>
<td title='selenium.methods.AutoSuggestions.autoSuggestions()'><b>autoSuggestions</b><br>Test class: selenium.methods.AutoSuggestions</td>
<td></td>
<td>111</td>
<td>selenium.methods.AutoSuggestions@1aafa419</td></tr>
<tr>
<td title='selenium.methods.ScreenshotFileHandler.screenshotfileHandler()'><b>screenshotfileHandler</b><br>Test class: selenium.methods.ScreenshotFileHandler</td>
<td></td>
<td>27</td>
<td>selenium.methods.ScreenshotFileHandler@4218d6a3</td></tr>
<tr>
<td title='selenium.methods.ScreenshotFileUtils.screenshotfileUtils()'><b>screenshotfileUtils</b><br>Test class: selenium.methods.ScreenshotFileUtils</td>
<td></td>
<td>34</td>
<td>selenium.methods.ScreenshotFileUtils@71d44a3</td></tr>
<tr>
<td title='selenium.methods.Alerts.handleAlert()'><b>handleAlert</b><br>Test class: selenium.methods.Alerts</td>
<td></td>
<td>31</td>
<td>selenium.methods.Alerts@34123d65</td></tr>
<tr>
<td title='selenium.methods.Screenshotoffullpage.takesScreenshot()'><b>takesScreenshot</b><br>Test class: selenium.methods.Screenshotoffullpage</td>
<td></td>
<td>28</td>
<td>selenium.methods.Screenshotoffullpage@14cd1699</td></tr>
<tr>
<td title='selenium.methods.HTMLCodeofElement.htmlcodeofElement()'><b>htmlcodeofElement</b><br>Test class: selenium.methods.HTMLCodeofElement</td>
<td></td>
<td>10</td>
<td>selenium.methods.HTMLCodeofElement@235834f2</td></tr>
<tr>
<td title='selenium.methods.HideAutomationMessage.hideAutomationMessage()'><b>hideAutomationMessage</b><br>Test class: selenium.methods.HideAutomationMessage</td>
<td></td>
<td>8</td>
<td>selenium.methods.HideAutomationMessage@76505305</td></tr>
<tr>
<td title='selenium.methods.getText.gettext()'><b>gettext</b><br>Test class: selenium.methods.getText</td>
<td></td>
<td>26</td>
<td>selenium.methods.getText@4802796d</td></tr>
<tr>
<td title='selenium.methods.ZoominZoomout.zoomInOut()'><b>zoomInOut</b><br>Test class: selenium.methods.ZoominZoomout</td>
<td></td>
<td>29</td>
<td>selenium.methods.ZoominZoomout@55141def</td></tr>
<tr>
<td title='selenium.methods.SendKeys.sendkeys()'><b>sendkeys</b><br>Test class: selenium.methods.SendKeys</td>
<td></td>
<td>20</td>
<td>selenium.methods.SendKeys@3270d194</td></tr>
<tr>
<td title='selenium.methods.GetandNavigate.getandnavigate()'><b>getandnavigate</b><br>Test class: selenium.methods.GetandNavigate</td>
<td></td>
<td>55</td>
<td>selenium.methods.GetandNavigate@459e9125</td></tr>
<tr>
<td title='selenium.methods.ScrollWindow.scrolltheWindow()'><b>scrolltheWindow</b><br>Test class: selenium.methods.ScrollWindow</td>
<td></td>
<td>46</td>
<td>selenium.methods.ScrollWindow@7b98f307</td></tr>
</table><p>
</body>
</html>