<?xml version="1.0" encoding="UTF-8"?>
<testng-results ignored="0" total="1" passed="1" failed="0" skipped="0">
  <reporter-output>
  </reporter-output>
  <suite started-at="2023-02-07T23:49:54 IST" name="Default suite" finished-at="2023-02-07T23:50:24 IST" duration-ms="29526">
    <groups>
    </groups>
    <test started-at="2023-02-07T23:49:54 IST" name="Default test" finished-at="2023-02-07T23:50:24 IST" duration-ms="29526">
      <class name="selenium.methods.Authpopup">
        <test-method signature="preauthpopup()[pri:0, instance:selenium.methods.Authpopup@49e53c76]" started-at="2023-02-07T23:49:54 IST" name="preauthpopup" finished-at="2023-02-07T23:50:23 IST" duration-ms="29218" status="PASS">
          <reporter-output>
          </reporter-output>
        </test-method> <!-- preauthpopup -->
      </class> <!-- selenium.methods.Authpopup -->
    </test> <!-- Default test -->
  </suite> <!-- Default suite -->
</testng-results>
